0
1
2
3
4
5
6
7
8
9
10
11
12
13
14
15
16
17
18
19
20
21
22
23
24
25
26
27
28
29
30
31
32
33
34
35
36
37
38
39
40
41
42
43
44
45
46
47
48
49
50
51
52
53
54
55
56
57
58
59
60
61
62
63
64
65
66
67
68
69
70
71
72
73
74
75
76
77
78
79
80
81
82
83
84
85
86
87
88
89
90
91
92
93
94
95
96
97
98
99
100
101
102
103
104
105
106
107
108
109
110
111
112
113
114
115
116
117
118
119
120
121
122
123
124
125
126
127
128
129
130
131
132
133
134
135
136
137
138
139
140
141
142
143
144
145
146
147
148
149
150
151
152
153
154
155
156
157
158
159
160
161
162
163
164
165
166
167
168
169
170
171
172
173
174
175
176
177
178
179
180
181
182
183
184
185
186
187
188
189
190
191
192
193
194
195
196
197
198
199
200
201
202
203
204
205
206
207
208
209
210
211
212
213
214
215
216
217
218
219
220
221
222
223
224
225
226
227
228
229
230
6961
6963
8256
6965
6964
6967
8387
6968
9470
8335
8259
8258
7071
6125
8306
6126
7000
6086
8422
6085
6128
7384
7300
7306
6915
6009
7517
7516
7199
7514
7424
6240
6241
6242
6243
6244
7518
997
9471
992
6994
9476
6990
9390
6150
6151
6917
6154
8334
6913
6090
6092
6918
6919
6097
7255
6013
6012
6017
6016
6019
7316
5856
6258
9427
7206
6255
8231
8230
8237
6983
6982
6981
6142
6140
6903
6145
6900
6148
7014
6217
9386
7244
9382
6216
9388
6268
6064
9454
6922
6069
6210
9421
7026
6177
6174
6172
6173
6171
1435
9391
6276
9399
7143
6076
9412
6074
6073
6071
1002
8283
7351
8213
6169
7344
6929
7343
9323
6163
6926
6921
6938
6166
7092
9402
6284
8386
6042
6043
6040
6041
6046
6201
6202
9404
9407
5867
9408
6209
8376
9405
5837
9481
9451
6958
7378
6951
7002
9409
7031
6114
7163
5831
7166
6111
6112
6194
6195
6904
6193
9437
9434
6198
9433
9416
6218
7280
6901
8369
9455
9450
8222
9453
9058
6897
6898
6940
6945
9057
9321
7320
6108
6107
6106
6104
6102
6100
9371
6220
6184
6180
6020
6021
6023
6024
6025
6189
6188
6977
6974
6975
6973
6970
7411
9442
8249
8242
8240
8241
8247
7337
6099
6138
5832
5830
6098
6132
6133
6131
6136
6137
7333
6039
6038
6238
6030
6231
6036
6035
6034
